  Starting remote build
  Compiling sources:
  Source.cpp
C:\Program Files (x86)\Microsoft Visual Studio\2019\Community\MSBuild\Microsoft\VC\v160\Application Type\Linux\1.0\Linux.WSL.targets(211,5): error MSB4018: The "Compile" task failed unexpectedly.
C:\Program Files (x86)\Microsoft Visual Studio\2019\Community\MSBuild\Microsoft\VC\v160\Application Type\Linux\1.0\Linux.WSL.targets(211,5): error MSB4018: System.AggregateException: One or more errors occurred. ---> liblinux.Local.WindowsSubsystemException: Could not find the WSL launcher: 'C:\Windows\sysnative\wsl.exe'.
C:\Program Files (x86)\Microsoft Visual Studio\2019\Community\MSBuild\Microsoft\VC\v160\Application Type\Linux\1.0\Linux.WSL.targets(211,5): error MSB4018:    at liblinux.Local.WindowsSubsystemIdentifier..ctor(String path)
C:\Program Files (x86)\Microsoft Visual Studio\2019\Community\MSBuild\Microsoft\VC\v160\Application Type\Linux\1.0\Linux.WSL.targets(211,5): error MSB4018:    at Microsoft.Build.Linux.WSL.Tasks.Compile.<>c__DisplayClass55_0.<Execute>b__0(ITaskItem source)
C:\Program Files (x86)\Microsoft Visual Studio\2019\Community\MSBuild\Microsoft\VC\v160\Application Type\Linux\1.0\Linux.WSL.targets(211,5): error MSB4018:    at System.Threading.Tasks.Parallel.<>c__DisplayClass30_0`2.<ForEachWorker>b__0(Int32 i)
C:\Program Files (x86)\Microsoft Visual Studio\2019\Community\MSBuild\Microsoft\VC\v160\Application Type\Linux\1.0\Linux.WSL.targets(211,5): error MSB4018:    at System.Threading.Tasks.Parallel.<>c__DisplayClass17_0`1.<ForWorker>b__1()
C:\Program Files (x86)\Microsoft Visual Studio\2019\Community\MSBuild\Microsoft\VC\v160\Application Type\Linux\1.0\Linux.WSL.targets(211,5): error MSB4018:    at System.Threading.Tasks.Task.InnerInvoke()
C:\Program Files (x86)\Microsoft Visual Studio\2019\Community\MSBuild\Microsoft\VC\v160\Application Type\Linux\1.0\Linux.WSL.targets(211,5): error MSB4018:    at System.Threading.Tasks.Task.InnerInvokeWithArg(Task childTask)
C:\Program Files (x86)\Microsoft Visual Studio\2019\Community\MSBuild\Microsoft\VC\v160\Application Type\Linux\1.0\Linux.WSL.targets(211,5): error MSB4018:    at System.Threading.Tasks.Task.<>c__DisplayClass176_0.<ExecuteSelfReplicating>b__0(Object <p0>)
C:\Program Files (x86)\Microsoft Visual Studio\2019\Community\MSBuild\Microsoft\VC\v160\Application Type\Linux\1.0\Linux.WSL.targets(211,5): error MSB4018:    --- End of inner exception stack trace ---
C:\Program Files (x86)\Microsoft Visual Studio\2019\Community\MSBuild\Microsoft\VC\v160\Application Type\Linux\1.0\Linux.WSL.targets(211,5): error MSB4018:    at System.Threading.Tasks.Task.ThrowIfExceptional(Boolean includeTaskCanceledExceptions)
C:\Program Files (x86)\Microsoft Visual Studio\2019\Community\MSBuild\Microsoft\VC\v160\Application Type\Linux\1.0\Linux.WSL.targets(211,5): error MSB4018:    at System.Threading.Tasks.Task.Wait(Int32 millisecondsTimeout, CancellationToken cancellationToken)
C:\Program Files (x86)\Microsoft Visual Studio\2019\Community\MSBuild\Microsoft\VC\v160\Application Type\Linux\1.0\Linux.WSL.targets(211,5): error MSB4018:    at System.Threading.Tasks.Task.Wait()
C:\Program Files (x86)\Microsoft Visual Studio\2019\Community\MSBuild\Microsoft\VC\v160\Application Type\Linux\1.0\Linux.WSL.targets(211,5): error MSB4018:    at System.Threading.Tasks.Parallel.ForWorker[TLocal](Int32 fromInclusive, Int32 toExclusive, ParallelOptions parallelOptions, Action`1 body, Action`2 bodyWithState, Func`4 bodyWithLocal, Func`1 localInit, Action`1 localFinally)
C:\Program Files (x86)\Microsoft Visual Studio\2019\Community\MSBuild\Microsoft\VC\v160\Application Type\Linux\1.0\Linux.WSL.targets(211,5): error MSB4018:    at System.Threading.Tasks.Parallel.ForEachWorker[TSource,TLocal](TSource[] array, ParallelOptions parallelOptions, Action`1 body, Action`2 bodyWithState, Action`3 bodyWithStateAndIndex, Func`4 bodyWithStateAndLocal, Func`5 bodyWithEverything, Func`1 localInit, Action`1 localFinally)
C:\Program Files (x86)\Microsoft Visual Studio\2019\Community\MSBuild\Microsoft\VC\v160\Application Type\Linux\1.0\Linux.WSL.targets(211,5): error MSB4018:    at System.Threading.Tasks.Parallel.ForEachWorker[TSource,TLocal](IEnumerable`1 source, ParallelOptions parallelOptions, Action`1 body, Action`2 bodyWithState, Action`3 bodyWithStateAndIndex, Func`4 bodyWithStateAndLocal, Func`5 bodyWithEverything, Func`1 localInit, Action`1 localFinally)
C:\Program Files (x86)\Microsoft Visual Studio\2019\Community\MSBuild\Microsoft\VC\v160\Application Type\Linux\1.0\Linux.WSL.targets(211,5): error MSB4018:    at System.Threading.Tasks.Parallel.ForEach[TSource](IEnumerable`1 source, ParallelOptions parallelOptions, Action`1 body)
C:\Program Files (x86)\Microsoft Visual Studio\2019\Community\MSBuild\Microsoft\VC\v160\Application Type\Linux\1.0\Linux.WSL.targets(211,5): error MSB4018:    at Microsoft.Build.Linux.WSL.Tasks.Compile.Execute()
C:\Program Files (x86)\Microsoft Visual Studio\2019\Community\MSBuild\Microsoft\VC\v160\Application Type\Linux\1.0\Linux.WSL.targets(211,5): error MSB4018:    at Microsoft.Build.BackEnd.TaskExecutionHost.Microsoft.Build.BackEnd.ITaskExecutionHost.Execute()
C:\Program Files (x86)\Microsoft Visual Studio\2019\Community\MSBuild\Microsoft\VC\v160\Application Type\Linux\1.0\Linux.WSL.targets(211,5): error MSB4018:    at Microsoft.Build.BackEnd.TaskBuilder.<ExecuteInstantiatedTask>d__26.MoveNext()
C:\Program Files (x86)\Microsoft Visual Studio\2019\Community\MSBuild\Microsoft\VC\v160\Application Type\Linux\1.0\Linux.WSL.targets(211,5): error MSB4018: ---> (Inner Exception #0) liblinux.Local.WindowsSubsystemException: Could not find the WSL launcher: 'C:\Windows\sysnative\wsl.exe'.
C:\Program Files (x86)\Microsoft Visual Studio\2019\Community\MSBuild\Microsoft\VC\v160\Application Type\Linux\1.0\Linux.WSL.targets(211,5): error MSB4018:    at liblinux.Local.WindowsSubsystemIdentifier..ctor(String path)
C:\Program Files (x86)\Microsoft Visual Studio\2019\Community\MSBuild\Microsoft\VC\v160\Application Type\Linux\1.0\Linux.WSL.targets(211,5): error MSB4018:    at Microsoft.Build.Linux.WSL.Tasks.Compile.<>c__DisplayClass55_0.<Execute>b__0(ITaskItem source)
C:\Program Files (x86)\Microsoft Visual Studio\2019\Community\MSBuild\Microsoft\VC\v160\Application Type\Linux\1.0\Linux.WSL.targets(211,5): error MSB4018:    at System.Threading.Tasks.Parallel.<>c__DisplayClass30_0`2.<ForEachWorker>b__0(Int32 i)
C:\Program Files (x86)\Microsoft Visual Studio\2019\Community\MSBuild\Microsoft\VC\v160\Application Type\Linux\1.0\Linux.WSL.targets(211,5): error MSB4018:    at System.Threading.Tasks.Parallel.<>c__DisplayClass17_0`1.<ForWorker>b__1()
C:\Program Files (x86)\Microsoft Visual Studio\2019\Community\MSBuild\Microsoft\VC\v160\Application Type\Linux\1.0\Linux.WSL.targets(211,5): error MSB4018:    at System.Threading.Tasks.Task.InnerInvoke()
C:\Program Files (x86)\Microsoft Visual Studio\2019\Community\MSBuild\Microsoft\VC\v160\Application Type\Linux\1.0\Linux.WSL.targets(211,5): error MSB4018:    at System.Threading.Tasks.Task.InnerInvokeWithArg(Task childTask)
C:\Program Files (x86)\Microsoft Visual Studio\2019\Community\MSBuild\Microsoft\VC\v160\Application Type\Linux\1.0\Linux.WSL.targets(211,5): error MSB4018:    at System.Threading.Tasks.Task.<>c__DisplayClass176_0.<ExecuteSelfReplicating>b__0(Object <p0>)<---
C:\Program Files (x86)\Microsoft Visual Studio\2019\Community\MSBuild\Microsoft\VC\v160\Application Type\Linux\1.0\Linux.WSL.targets(211,5): error MSB4018: 
